4月 08, 2025 2:28:06 上午 logger.EventSyncLogger setupLogger
信息: Logger initialized successfully
4月 08, 2025 2:28:06 上午 seedu.EventSync <init>
信息: Initializing EventSync application
4月 08, 2025 2:28:06 上午 storage.UserStorage loadUsers
详细: Loading participants from ./data/seedu.UserSync.txt
4月 08, 2025 2:28:06 上午 participant.AvailabilitySlot <init>
详细: Created new AvailabilitySlot: 2025-04-01T12:00 - 2025-12-12T10:59
4月 08, 2025 2:28:06 上午 participant.AvailabilitySlot <init>
详细: Created new AvailabilitySlot: 2025-12-12T12:50 - 2025-12-13T11:59
4月 08, 2025 2:28:06 上午 participant.AvailabilitySlot <init>
详细: Created new AvailabilitySlot: 2025-12-13T12:50 - 2040-12-31T12:00
4月 08, 2025 2:28:06 上午 storage.UserStorage loadUsers
信息: Successfully loaded 1 participants
4月 08, 2025 2:28:06 上午 storage.UserStorage loadUsers
详细: Loading participants from ./data/seedu.UserSync.txt
4月 08, 2025 2:28:06 上午 participant.AvailabilitySlot <init>
详细: Created new AvailabilitySlot: 2025-04-01T12:00 - 2025-12-12T10:59
4月 08, 2025 2:28:06 上午 participant.AvailabilitySlot <init>
详细: Created new AvailabilitySlot: 2025-12-12T12:50 - 2025-12-13T11:59
4月 08, 2025 2:28:06 上午 participant.AvailabilitySlot <init>
详细: Created new AvailabilitySlot: 2025-12-13T12:50 - 2040-12-31T12:00
4月 08, 2025 2:28:06 上午 storage.UserStorage loadUsers
信息: Successfully loaded 1 participants
4月 08, 2025 2:28:06 上午 parser.Parser <init>
信息: Parser initialized with custom scanner.
4月 08, 2025 2:28:06 上午 seedu.EventSync <init>
信息: EventSync initialized successfully
4月 08, 2025 2:28:06 上午 seedu.EventSync run
信息: Starting EventSync main loop
4月 08, 2025 2:28:11 上午 seedu.EventSync run
详细: Processing command: login
4月 08, 2025 2:28:11 上午 parser.Parser parse
信息: Parsing command: login
4月 08, 2025 2:28:11 上午 parser.Parser parse
信息: Login command received.
4月 08, 2025 2:28:15 上午 seedu.EventSync run
详细: Processing command: 0210
4月 08, 2025 2:28:15 上午 parser.Parser parse
信息: Parsing command: 0210
4月 08, 2025 2:28:15 上午 parser.Parser parse
警告: Invalid command received: 0210
4月 08, 2025 2:28:15 上午 parser.Parser parse
警告: Sync exception during command parsing
exception.SyncException:    (╯°□°)╯︵ OOPS!!! Invalid command: 0210
   Please enter 'login' to login first.
	at parser.Parser.parse(Parser.java:152)
	at seedu.EventSync.run(EventSync.java:139)
	at seedu.EventSync.main(EventSync.java:169)

4月 08, 2025 2:28:15 上午 seedu.EventSync run
警告: Command execution failed
exception.SyncException:    (╯°□°)╯︵ OOPS!!! Invalid command: 0210
   Please enter 'login' to login first.
	at parser.Parser.parse(Parser.java:152)
	at seedu.EventSync.run(EventSync.java:139)
	at seedu.EventSync.main(EventSync.java:169)

